[0.007s] Invoking command in '/home/sujith/projects/ros2/off_1/build/robot_description': CMAKE_PREFIX_PATH=${CMAKE_PREFIX_PATH}:/opt/ros/jazzy DEBUGINFOD_URLS=https://debuginfod.ubuntu.com /usr/bin/cmake /home/sujith/projects/ros2/off_1/src/robot_description -DCMAKE_EXPORT_COMPILE_COMMANDS=ON -DAMENT_CMAKE_SYMLINK_INSTALL=1 -DCMAKE_INSTALL_PREFIX=/home/sujith/projects/ros2/off_1/install/robot_description
[0.044s] -- The C compiler identification is GNU 13.3.0
[0.080s] -- The CXX compiler identification is GNU 13.3.0
[0.091s] -- Detecting C compiler ABI info
[0.154s] -- Detecting C compiler ABI info - done
[0.160s] -- Check for working C compiler: /usr/bin/cc - skipped
[0.161s] -- Detecting C compile features
[0.161s] -- Detecting C compile features - done
[0.167s] -- Detecting CXX compiler ABI info
[0.232s] -- Detecting CXX compiler ABI info - done
[0.238s] -- Check for working CXX compiler: /usr/bin/c++ - skipped
[0.238s] -- Detecting CXX compile features
[0.238s] -- Detecting CXX compile features - done
[0.241s] -- Found ament_cmake: 2.5.6 (/opt/ros/jazzy/share/ament_cmake/cmake)
[0.349s] -- Found Python3: /usr/bin/python3 (found version "3.12.3") found components: Interpreter 
[0.401s] -- Override CMake install command with custom implementation using symlinks instead of copying resources
[0.434s] -- Found rclcpp: 28.1.18 (/opt/ros/jazzy/share/rclcpp/cmake)
[0.470s] -- Found rosidl_generator_c: 4.6.7 (/opt/ros/jazzy/share/rosidl_generator_c/cmake)
[0.481s] -- Found rosidl_generator_cpp: 4.6.7 (/opt/ros/jazzy/share/rosidl_generator_cpp/cmake)
[0.496s] -- Using all available rosidl_typesupport_c: rosidl_typesupport_fastrtps_c;rosidl_typesupport_introspection_c
[0.514s] -- Using all available rosidl_typesupport_cpp: rosidl_typesupport_fastrtps_cpp;rosidl_typesupport_introspection_cpp
[0.577s] -- Found rmw_implementation_cmake: 7.3.3 (/opt/ros/jazzy/share/rmw_implementation_cmake/cmake)
[0.580s] -- Found rmw_fastrtps_cpp: 8.4.3 (/opt/ros/jazzy/share/rmw_fastrtps_cpp/cmake)
[0.639s] -- Found OpenSSL: /usr/lib/x86_64-linux-gnu/libcrypto.so (found version "3.0.13")  
[0.654s] -- Found FastRTPS: /opt/ros/jazzy/include (Required is at least version "2.13") 
[0.672s] -- Using RMW implementation 'rmw_fastrtps_cpp' as default
[0.795s] -- Configuring done (0.8s)
[0.797s] -- Generating done (0.0s)
[0.798s] [33mCMake Warning:
[0.798s]   Manually-specified variables were not used by the project:
[0.798s] 
[0.798s]     CMAKE_EXPORT_COMPILE_COMMANDS
[0.798s] 
[0.798s] [0m
[0.798s] -- Build files have been written to: /home/sujith/projects/ros2/off_1/build/robot_description
[0.806s] Invoked command in '/home/sujith/projects/ros2/off_1/build/robot_description' returned '0': CMAKE_PREFIX_PATH=${CMAKE_PREFIX_PATH}:/opt/ros/jazzy DEBUGINFOD_URLS=https://debuginfod.ubuntu.com /usr/bin/cmake /home/sujith/projects/ros2/off_1/src/robot_description -DCMAKE_EXPORT_COMPILE_COMMANDS=ON -DAMENT_CMAKE_SYMLINK_INSTALL=1 -DCMAKE_INSTALL_PREFIX=/home/sujith/projects/ros2/off_1/install/robot_description
[0.807s] Invoking command in '/home/sujith/projects/ros2/off_1/build/robot_description': CMAKE_PREFIX_PATH=${CMAKE_PREFIX_PATH}:/opt/ros/jazzy DEBUGINFOD_URLS=https://debuginfod.ubuntu.com /usr/bin/cmake --build /home/sujith/projects/ros2/off_1/build/robot_description -- -j12 -l12
[0.837s] Invoked command in '/home/sujith/projects/ros2/off_1/build/robot_description' returned '0': CMAKE_PREFIX_PATH=${CMAKE_PREFIX_PATH}:/opt/ros/jazzy DEBUGINFOD_URLS=https://debuginfod.ubuntu.com /usr/bin/cmake --build /home/sujith/projects/ros2/off_1/build/robot_description -- -j12 -l12
[0.838s] Invoking command in '/home/sujith/projects/ros2/off_1/build/robot_description': CMAKE_PREFIX_PATH=${CMAKE_PREFIX_PATH}:/opt/ros/jazzy DEBUGINFOD_URLS=https://debuginfod.ubuntu.com /usr/bin/cmake --install /home/sujith/projects/ros2/off_1/build/robot_description
[0.843s] -- Install configuration: ""
[0.844s] -- Execute custom install script
[0.844s] -- Symlinking: /home/sujith/projects/ros2/off_1/install/robot_description/share/robot_description/urdf/space_robot.urdf.xml
[0.852s] -- Symlinking: /home/sujith/projects/ros2/off_1/install/robot_description/share/ament_index/resource_index/package_run_dependencies/robot_description
[0.859s] -- Symlinking: /home/sujith/projects/ros2/off_1/install/robot_description/share/ament_index/resource_index/parent_prefix_path/robot_description
[0.864s] -- Symlinking: /home/sujith/projects/ros2/off_1/install/robot_description/share/robot_description/environment/ament_prefix_path.sh
[0.871s] -- Symlinking: /home/sujith/projects/ros2/off_1/install/robot_description/share/robot_description/environment/ament_prefix_path.dsv
[0.877s] -- Symlinking: /home/sujith/projects/ros2/off_1/install/robot_description/share/robot_description/environment/path.sh
[0.885s] -- Symlinking: /home/sujith/projects/ros2/off_1/install/robot_description/share/robot_description/environment/path.dsv
[0.893s] -- Symlinking: /home/sujith/projects/ros2/off_1/install/robot_description/share/robot_description/local_setup.bash
[0.900s] -- Symlinking: /home/sujith/projects/ros2/off_1/install/robot_description/share/robot_description/local_setup.sh
[0.910s] -- Symlinking: /home/sujith/projects/ros2/off_1/install/robot_description/share/robot_description/local_setup.zsh
[0.918s] -- Symlinking: /home/sujith/projects/ros2/off_1/install/robot_description/share/robot_description/local_setup.dsv
[0.925s] -- Symlinking: /home/sujith/projects/ros2/off_1/install/robot_description/share/robot_description/package.dsv
[0.931s] -- Symlinking: /home/sujith/projects/ros2/off_1/install/robot_description/share/ament_index/resource_index/packages/robot_description
[0.936s] -- Symlinking: /home/sujith/projects/ros2/off_1/install/robot_description/share/robot_description/cmake/robot_descriptionConfig.cmake
[0.942s] -- Symlinking: /home/sujith/projects/ros2/off_1/install/robot_description/share/robot_description/cmake/robot_descriptionConfig-version.cmake
[0.948s] -- Symlinking: /home/sujith/projects/ros2/off_1/install/robot_description/share/robot_description/package.xml
[0.954s] Invoked command in '/home/sujith/projects/ros2/off_1/build/robot_description' returned '0': CMAKE_PREFIX_PATH=${CMAKE_PREFIX_PATH}:/opt/ros/jazzy DEBUGINFOD_URLS=https://debuginfod.ubuntu.com /usr/bin/cmake --install /home/sujith/projects/ros2/off_1/build/robot_description
