[0.008s] Invoking command in '/home/sujith/projects/ros2/off_1/build/robot_description': CMAKE_PREFIX_PATH=${CMAKE_PREFIX_PATH}:/opt/ros/jazzy DEBUGINFOD_URLS=https://debuginfod.ubuntu.com /usr/bin/cmake --build /home/sujith/projects/ros2/off_1/build/robot_description -- -j12 -l12
[0.039s] Invoked command in '/home/sujith/projects/ros2/off_1/build/robot_description' returned '0': CMAKE_PREFIX_PATH=${CMAKE_PREFIX_PATH}:/opt/ros/jazzy DEBUGINFOD_URLS=https://debuginfod.ubuntu.com /usr/bin/cmake --build /home/sujith/projects/ros2/off_1/build/robot_description -- -j12 -l12
[0.040s] Invoking command in '/home/sujith/projects/ros2/off_1/build/robot_description': CMAKE_PREFIX_PATH=${CMAKE_PREFIX_PATH}:/opt/ros/jazzy DEBUGINFOD_URLS=https://debuginfod.ubuntu.com /usr/bin/cmake --install /home/sujith/projects/ros2/off_1/build/robot_description
[0.045s] -- Install configuration: ""
[0.046s] -- Execute custom install script
[0.046s] -- Up-to-date symlink: /home/sujith/projects/ros2/off_1/install/robot_description/share/robot_description/urdf/camera.xacro
[0.046s] -- Up-to-date symlink: /home/sujith/projects/ros2/off_1/install/robot_description/share/robot_description/urdf/common_properties.xacro
[0.046s] -- Up-to-date symlink: /home/sujith/projects/ros2/off_1/install/robot_description/share/robot_description/urdf/mobile_base.xacro
[0.046s] -- Up-to-date symlink: /home/sujith/projects/ros2/off_1/install/robot_description/share/robot_description/urdf/mobile_base_gazebo.xacro
[0.046s] -- Up-to-date symlink: /home/sujith/projects/ros2/off_1/install/robot_description/share/robot_description/urdf/my_robot.urdf.xacro
[0.047s] -- Up-to-date symlink: /home/sujith/projects/ros2/off_1/install/robot_description/share/robot_description/rviz/rviz-saved-config.rviz
[0.047s] -- Up-to-date symlink: /home/sujith/projects/ros2/off_1/install/robot_description/share/ament_index/resource_index/package_run_dependencies/robot_description
[0.047s] -- Up-to-date symlink: /home/sujith/projects/ros2/off_1/install/robot_description/share/ament_index/resource_index/parent_prefix_path/robot_description
[0.047s] -- Up-to-date symlink: /home/sujith/projects/ros2/off_1/install/robot_description/share/robot_description/environment/ament_prefix_path.sh
[0.047s] -- Up-to-date symlink: /home/sujith/projects/ros2/off_1/install/robot_description/share/robot_description/environment/ament_prefix_path.dsv
[0.047s] -- Up-to-date symlink: /home/sujith/projects/ros2/off_1/install/robot_description/share/robot_description/environment/path.sh
[0.047s] -- Up-to-date symlink: /home/sujith/projects/ros2/off_1/install/robot_description/share/robot_description/environment/path.dsv
[0.047s] -- Up-to-date symlink: /home/sujith/projects/ros2/off_1/install/robot_description/share/robot_description/local_setup.bash
[0.047s] -- Up-to-date symlink: /home/sujith/projects/ros2/off_1/install/robot_description/share/robot_description/local_setup.sh
[0.047s] -- Up-to-date symlink: /home/sujith/projects/ros2/off_1/install/robot_description/share/robot_description/local_setup.zsh
[0.047s] -- Up-to-date symlink: /home/sujith/projects/ros2/off_1/install/robot_description/share/robot_description/local_setup.dsv
[0.047s] -- Symlinking: /home/sujith/projects/ros2/off_1/install/robot_description/share/robot_description/package.dsv
[0.053s] -- Up-to-date symlink: /home/sujith/projects/ros2/off_1/install/robot_description/share/ament_index/resource_index/packages/robot_description
[0.053s] -- Up-to-date symlink: /home/sujith/projects/ros2/off_1/install/robot_description/share/robot_description/cmake/robot_descriptionConfig.cmake
[0.053s] -- Up-to-date symlink: /home/sujith/projects/ros2/off_1/install/robot_description/share/robot_description/cmake/robot_descriptionConfig-version.cmake
[0.053s] -- Up-to-date symlink: /home/sujith/projects/ros2/off_1/install/robot_description/share/robot_description/package.xml
[0.063s] Invoked command in '/home/sujith/projects/ros2/off_1/build/robot_description' returned '0': CMAKE_PREFIX_PATH=${CMAKE_PREFIX_PATH}:/opt/ros/jazzy DEBUGINFOD_URLS=https://debuginfod.ubuntu.com /usr/bin/cmake --install /home/sujith/projects/ros2/off_1/build/robot_description
