[0.014s] Invoking command in '/home/sujith/projects/ros2/off_1/build/robot_bringup': CMAKE_PREFIX_PATH=${CMAKE_PREFIX_PATH}:/opt/ros/jazzy DEBUGINFOD_URLS=https://debuginfod.ubuntu.com /usr/bin/cmake --build /home/sujith/projects/ros2/off_1/build/robot_bringup -- -j12 -l12
[0.049s] Invoked command in '/home/sujith/projects/ros2/off_1/build/robot_bringup' returned '0': CMAKE_PREFIX_PATH=${CMAKE_PREFIX_PATH}:/opt/ros/jazzy DEBUGINFOD_URLS=https://debuginfod.ubuntu.com /usr/bin/cmake --build /home/sujith/projects/ros2/off_1/build/robot_bringup -- -j12 -l12
[0.056s] Invoking command in '/home/sujith/projects/ros2/off_1/build/robot_bringup': CMAKE_PREFIX_PATH=${CMAKE_PREFIX_PATH}:/opt/ros/jazzy DEBUGINFOD_URLS=https://debuginfod.ubuntu.com /usr/bin/cmake --install /home/sujith/projects/ros2/off_1/build/robot_bringup
[0.062s] -- Install configuration: ""
[0.062s] -- Execute custom install script
[0.062s] -- Up-to-date symlink: /home/sujith/projects/ros2/off_1/install/robot_bringup/share/robot_bringup/launch/my_robot_launch.xml
[0.063s] -- Up-to-date symlink: /home/sujith/projects/ros2/off_1/install/robot_bringup/share/ament_index/resource_index/package_run_dependencies/robot_bringup
[0.063s] -- Up-to-date symlink: /home/sujith/projects/ros2/off_1/install/robot_bringup/share/ament_index/resource_index/parent_prefix_path/robot_bringup
[0.063s] -- Up-to-date symlink: /home/sujith/projects/ros2/off_1/install/robot_bringup/share/robot_bringup/environment/ament_prefix_path.sh
[0.063s] -- Up-to-date symlink: /home/sujith/projects/ros2/off_1/install/robot_bringup/share/robot_bringup/environment/ament_prefix_path.dsv
[0.063s] -- Up-to-date symlink: /home/sujith/projects/ros2/off_1/install/robot_bringup/share/robot_bringup/environment/path.sh
[0.063s] -- Up-to-date symlink: /home/sujith/projects/ros2/off_1/install/robot_bringup/share/robot_bringup/environment/path.dsv
[0.063s] -- Up-to-date symlink: /home/sujith/projects/ros2/off_1/install/robot_bringup/share/robot_bringup/local_setup.bash
[0.063s] -- Up-to-date symlink: /home/sujith/projects/ros2/off_1/install/robot_bringup/share/robot_bringup/local_setup.sh
[0.063s] -- Up-to-date symlink: /home/sujith/projects/ros2/off_1/install/robot_bringup/share/robot_bringup/local_setup.zsh
[0.064s] -- Up-to-date symlink: /home/sujith/projects/ros2/off_1/install/robot_bringup/share/robot_bringup/local_setup.dsv
[0.064s] -- Symlinking: /home/sujith/projects/ros2/off_1/install/robot_bringup/share/robot_bringup/package.dsv
[0.070s] -- Up-to-date symlink: /home/sujith/projects/ros2/off_1/install/robot_bringup/share/ament_index/resource_index/packages/robot_bringup
[0.070s] -- Up-to-date symlink: /home/sujith/projects/ros2/off_1/install/robot_bringup/share/robot_bringup/cmake/robot_bringupConfig.cmake
[0.070s] -- Up-to-date symlink: /home/sujith/projects/ros2/off_1/install/robot_bringup/share/robot_bringup/cmake/robot_bringupConfig-version.cmake
[0.070s] -- Up-to-date symlink: /home/sujith/projects/ros2/off_1/install/robot_bringup/share/robot_bringup/package.xml
[0.072s] Invoked command in '/home/sujith/projects/ros2/off_1/build/robot_bringup' returned '0': CMAKE_PREFIX_PATH=${CMAKE_PREFIX_PATH}:/opt/ros/jazzy DEBUGINFOD_URLS=https://debuginfod.ubuntu.com /usr/bin/cmake --install /home/sujith/projects/ros2/off_1/build/robot_bringup
