[0.009s] Invoking command in '/home/sujith/projects/ros2/off_1/build/robot_bringup': CMAKE_PREFIX_PATH=${CMAKE_PREFIX_PATH}:/opt/ros/jazzy DEBUGINFOD_URLS=https://debuginfod.ubuntu.com /usr/bin/cmake /home/sujith/projects/ros2/off_1/src/robot_bringup -DCMAKE_EXPORT_COMPILE_COMMANDS=ON -DAMENT_CMAKE_SYMLINK_INSTALL=1 -DCMAKE_INSTALL_PREFIX=/home/sujith/projects/ros2/off_1/install/robot_bringup
[0.047s] -- The C compiler identification is GNU 13.3.0
[0.084s] -- The CXX compiler identification is GNU 13.3.0
[0.095s] -- Detecting C compiler ABI info
[0.158s] -- Detecting C compiler ABI info - done
[0.165s] -- Check for working C compiler: /usr/bin/cc - skipped
[0.165s] -- Detecting C compile features
[0.165s] -- Detecting C compile features - done
[0.171s] -- Detecting CXX compiler ABI info
[0.236s] -- Detecting CXX compiler ABI info - done
[0.242s] -- Check for working CXX compiler: /usr/bin/c++ - skipped
[0.242s] -- Detecting CXX compile features
[0.242s] -- Detecting CXX compile features - done
[0.245s] -- Found ament_cmake: 2.5.6 (/opt/ros/jazzy/share/ament_cmake/cmake)
[0.353s] -- Found Python3: /usr/bin/python3 (found version "3.12.3") found components: Interpreter 
[0.405s] -- Override CMake install command with custom implementation using symlinks instead of copying resources
[0.500s] -- Configuring done (0.5s)
[0.502s] -- Generating done (0.0s)
[0.503s] [33mCMake Warning:
[0.503s]   Manually-specified variables were not used by the project:
[0.503s] 
[0.503s]     CMAKE_EXPORT_COMPILE_COMMANDS
[0.503s] 
[0.503s] [0m
[0.504s] -- Build files have been written to: /home/sujith/projects/ros2/off_1/build/robot_bringup
[0.508s] Invoked command in '/home/sujith/projects/ros2/off_1/build/robot_bringup' returned '0': CMAKE_PREFIX_PATH=${CMAKE_PREFIX_PATH}:/opt/ros/jazzy DEBUGINFOD_URLS=https://debuginfod.ubuntu.com /usr/bin/cmake /home/sujith/projects/ros2/off_1/src/robot_bringup -DCMAKE_EXPORT_COMPILE_COMMANDS=ON -DAMENT_CMAKE_SYMLINK_INSTALL=1 -DCMAKE_INSTALL_PREFIX=/home/sujith/projects/ros2/off_1/install/robot_bringup
[0.509s] Invoking command in '/home/sujith/projects/ros2/off_1/build/robot_bringup': CMAKE_PREFIX_PATH=${CMAKE_PREFIX_PATH}:/opt/ros/jazzy DEBUGINFOD_URLS=https://debuginfod.ubuntu.com /usr/bin/cmake --build /home/sujith/projects/ros2/off_1/build/robot_bringup -- -j12 -l12
[0.535s] Invoked command in '/home/sujith/projects/ros2/off_1/build/robot_bringup' returned '0': CMAKE_PREFIX_PATH=${CMAKE_PREFIX_PATH}:/opt/ros/jazzy DEBUGINFOD_URLS=https://debuginfod.ubuntu.com /usr/bin/cmake --build /home/sujith/projects/ros2/off_1/build/robot_bringup -- -j12 -l12
[0.543s] Invoking command in '/home/sujith/projects/ros2/off_1/build/robot_bringup': CMAKE_PREFIX_PATH=${CMAKE_PREFIX_PATH}:/opt/ros/jazzy DEBUGINFOD_URLS=https://debuginfod.ubuntu.com /usr/bin/cmake --install /home/sujith/projects/ros2/off_1/build/robot_bringup
[0.547s] -- Install configuration: ""
[0.548s] -- Execute custom install script
[0.548s] -- Symlinking: /home/sujith/projects/ros2/off_1/install/robot_bringup/share/robot_bringup/launch/space_robot_launch.xml
[0.554s] -- Symlinking: /home/sujith/projects/ros2/off_1/install/robot_bringup/share/ament_index/resource_index/package_run_dependencies/robot_bringup
[0.560s] -- Symlinking: /home/sujith/projects/ros2/off_1/install/robot_bringup/share/ament_index/resource_index/parent_prefix_path/robot_bringup
[0.565s] -- Symlinking: /home/sujith/projects/ros2/off_1/install/robot_bringup/share/robot_bringup/environment/ament_prefix_path.sh
[0.571s] -- Symlinking: /home/sujith/projects/ros2/off_1/install/robot_bringup/share/robot_bringup/environment/ament_prefix_path.dsv
[0.576s] -- Symlinking: /home/sujith/projects/ros2/off_1/install/robot_bringup/share/robot_bringup/environment/path.sh
[0.581s] -- Symlinking: /home/sujith/projects/ros2/off_1/install/robot_bringup/share/robot_bringup/environment/path.dsv
[0.587s] -- Symlinking: /home/sujith/projects/ros2/off_1/install/robot_bringup/share/robot_bringup/local_setup.bash
[0.592s] -- Symlinking: /home/sujith/projects/ros2/off_1/install/robot_bringup/share/robot_bringup/local_setup.sh
[0.597s] -- Symlinking: /home/sujith/projects/ros2/off_1/install/robot_bringup/share/robot_bringup/local_setup.zsh
[0.602s] -- Symlinking: /home/sujith/projects/ros2/off_1/install/robot_bringup/share/robot_bringup/local_setup.dsv
[0.608s] -- Symlinking: /home/sujith/projects/ros2/off_1/install/robot_bringup/share/robot_bringup/package.dsv
[0.614s] -- Symlinking: /home/sujith/projects/ros2/off_1/install/robot_bringup/share/ament_index/resource_index/packages/robot_bringup
[0.620s] -- Symlinking: /home/sujith/projects/ros2/off_1/install/robot_bringup/share/robot_bringup/cmake/robot_bringupConfig.cmake
[0.626s] -- Symlinking: /home/sujith/projects/ros2/off_1/install/robot_bringup/share/robot_bringup/cmake/robot_bringupConfig-version.cmake
[0.632s] -- Symlinking: /home/sujith/projects/ros2/off_1/install/robot_bringup/share/robot_bringup/package.xml
[0.638s] Invoked command in '/home/sujith/projects/ros2/off_1/build/robot_bringup' returned '0': CMAKE_PREFIX_PATH=${CMAKE_PREFIX_PATH}:/opt/ros/jazzy DEBUGINFOD_URLS=https://debuginfod.ubuntu.com /usr/bin/cmake --install /home/sujith/projects/ros2/off_1/build/robot_bringup
